nohup: ignoring input
2025-08-23 16:02:17,222 - apscheduler.scheduler - INFO - Adding job tentatively -- it will be properly scheduled when the scheduler starts
2025-08-23 16:02:17,224 - apscheduler.scheduler - INFO - Added job "send_daily_alert" to job store "default"
2025-08-23 16:02:17,224 - apscheduler.scheduler - INFO - Scheduler started
2025-08-23 16:02:18,791 - httpx - INFO - HTTP Request: POST https://api.telegram.org/bot8048782271:AAGZx7hIdRD3K6fUfqQ-WQab6DLunKcN4BY/getMe "HTTP/1.1 200 OK"
Traceback (most recent call last):
  File "/data/data/com.termux/files/home/mybot/bot.py", line 70, in <module>
    main()
  File "/data/data/com.termux/files/home/mybot/bot.py", line 62, in main
    application.run_webhook(
  File "/data/data/com.termux/files/usr/lib/python3.12/site-packages/telegram/ext/_application.py", line 860, in run_webhook
    return self.__run(
           ^^^^^^^^^^^
  File "/data/data/com.termux/files/usr/lib/python3.12/site-packages/telegram/ext/_application.py", line 921, in __run
    raise exc
  File "/data/data/com.termux/files/usr/lib/python3.12/site-packages/telegram/ext/_application.py", line 913, in __run
    loop.run_until_complete(updater_coroutine)  # one of updater.start_webhook/polling
    ^^^^^^^^^^^^^^^^^^^^^^^^^^^^^^^^^^^^^^^^^^
  File "/data/data/com.termux/files/usr/lib/python3.12/asyncio/base_events.py", line 691, in run_until_complete
    return future.result()
           ^^^^^^^^^^^^^^^
  File "/data/data/com.termux/files/usr/lib/python3.12/site-packages/telegram/ext/_updater.py", line 465, in start_webhook
    raise RuntimeError(
RuntimeError: To use `start_webhook`, PTB must be installed via `pip install python-telegram-bot[webhooks]`.
